<?xml version="1.0" encoding="UTF-8"?>
<testsuite name="au.com.addressBook.BaseIntegrationSpec" tests="1" skipped="0" failures="0" errors="0" timestamp="2017-06-19T00:26:28" hostname="MAC-SF360-RUMESH" time="1.561">
  <properties/>
  <testcase name="Should boot application without any errors" classname="au.com.addressBook.BaseIntegrationSpec" time="1.561"/>
  <system-out><![CDATA[2017-06-19 10:26:28 INFO  LogHelper:31 - HHH000204: Processing PersistenceUnitInfo [
	name: default
	...]
2017-06-19 10:26:28 INFO  Version:45 - HHH000412: Hibernate Core {5.2.10.Final}
2017-06-19 10:26:28 INFO  Environment:213 - HHH000206: hibernate.properties not found
2017-06-19 10:26:28 INFO  Version:66 - HCANN000001: Hibernate Commons Annotations {5.0.1.Final}
2017-06-19 10:26:28 INFO  Dialect:157 - HHH000400: Using dialect: org.hibernate.dialect.HSQLDialect
2017-06-19 10:26:28 INFO  LobCreatorBuilderImpl:98 - HHH000423: Disabling contextual LOB creation as JDBC driver reported JDBC version [3] less than 4
2017-06-19 10:26:29 INFO  Version:17 - HV000001: Hibernate Validator 5.2.1.Final
]]></system-out>
  <system-err><![CDATA[SLF4J: Failed to load class "org.slf4j.impl.StaticLoggerBinder".
SLF4J: Defaulting to no-operation (NOP) logger implementation
SLF4J: See http://www.slf4j.org/codes.html#StaticLoggerBinder for further details.
]]></system-err>
</testsuite>
