<?xml version="1.0" encoding="UTF-8"?>
<testsuite name="au.com.addressBook.service.AddressBookServiceIntegrationSpec" tests="4" skipped="0" failures="0" errors="0" timestamp="2017-06-19T01:29:22" hostname="MAC-SF360-RUMESH" time="0.341">
  <properties/>
  <testcase name="Should boot application without any errors" classname="au.com.addressBook.service.AddressBookServiceIntegrationSpec" time="0.003"/>
  <testcase name="test createAddressBook, should persist new AddressBook when required parameters are provided" classname="au.com.addressBook.service.AddressBookServiceIntegrationSpec" time="0.084"/>
  <testcase name="test getAddressBook, should return persisted AddressBook instance when AddressBook available for given ID" classname="au.com.addressBook.service.AddressBookServiceIntegrationSpec" time="0.012"/>
  <testcase name="test getAddressBook, should return all persisted AddressBook instances" classname="au.com.addressBook.service.AddressBookServiceIntegrationSpec" time="0.241"/>
  <system-out><![CDATA[2017-06-19 11:29:22 INFO  QueryTranslatorFactoryInitiator:47 - HHH000397: Using ASTQueryTranslatorFactory
]]></system-out>
  <system-err><![CDATA[]]></system-err>
</testsuite>
